<?xml version="1.0" encoding="UTF-8"?>
<!-- Generated by org.testng.reporters.JUnitReportReporter -->
<testsuite skipped="0" hostname="MTP01288L" name="PHP_TestPackage.HomePageNavigation" tests="1" failures="0" timestamp="15 Aug 2019 12:50:23 GMT" time="19.757" errors="0">
  <testcase name="HomePageNavigation" time="19.757" classname="PHP_TestPackage.HomePageNavigation"/>
</testsuite> <!-- PHP_TestPackage.HomePageNavigation -->
